# JRE version: OpenJDK Runtime Environment (17.0.9) (build 17.0.9+0--11185874)
# Java VM: OpenJDK 64-Bit Server VM (17.0.9+0--11185874, mixed mode, tiered, compressed oops, compressed class ptrs, g1 gc, windows-amd64)
GC Precious Log:
 CPUs: 4 total, 4 available
 Memory: 3901M
 Large Page Support: Disabled
 NUMA Support: Disabled
 Compressed Oops: Enabled (32-bit)
 Heap Region Size: 1M
 Heap Min Capacity: 8M
 Heap Initial Capacity: 62M
 Heap Max Capacity: 2G
 Pre-touch: Disabled
 Parallel Workers: 4
 Concurrent Workers: 1
 Concurrent Refinement Workers: 4
 Periodic GC: Disabled
Heap:
 garbage-first heap   total 217088K, used 112420K [0x0000000080000000, 0x0000000100000000)
  region size 1024K, 12 young (12288K), 6 survivors (6144K)
 Metaspace       used 93270K, committed 94144K, reserved 1179648K
  class space    used 12833K, committed 13248K, reserved 1048576K
GC Heap History (20 events):
Event: 375.376 GC heap before
{Heap before GC invocations=38 (full 0):
 garbage-first heap   total 106496K, used 66742K [0x0000000080000000, 0x0000000100000000)
  region size 1024K, 5 young (5120K), 3 survivors (3072K)
 Metaspace       used 61435K, committed 62080K, reserved 1114112K
  class space    used 8309K, committed 8640K, reserved 1048576K
}
Event: 375.408 GC heap after
{Heap after GC invocations=39 (full 0):
 garbage-first heap   total 106496K, used 65140K [0x0000000080000000, 0x0000000100000000)
  region size 1024K, 1 young (1024K), 1 survivors (1024K)
 Metaspace       used 61435K, committed 62080K, reserved 1114112K
  class space    used 8309K, committed 8640K, reserved 1048576K
}
Event: 377.205 GC heap before
{Heap before GC invocations=39 (full 0):
 garbage-first heap   total 106496K, used 98932K [0x0000000080000000, 0x0000000100000000)
  region size 1024K, 22 young (22528K), 1 survivors (1024K)
 Metaspace       used 62206K, committed 62912K, reserved 1114112K
  class space    used 8433K, committed 8768K, reserved 1048576K
}
Event: 377.217 GC heap after
{Heap after GC invocations=40 (full 0):
 garbage-first heap   total 217088K, used 84142K [0x0000000080000000, 0x0000000100000000)
  region size 1024K, 3 young (3072K), 3 survivors (3072K)
 Metaspace       used 62206K, committed 62912K, reserved 1114112K
  class space    used 8433K, committed 8768K, reserved 1048576K
}
Event: 383.938 GC heap before
{Heap before GC invocations=41 (full 0):
 garbage-first heap   total 217088K, used 167086K [0x0000000080000000, 0x0000000100000000)
  region size 1024K, 83 young (84992K), 3 survivors (3072K)
 Metaspace       used 69633K, committed 70336K, reserved 1114112K
  class space    used 9397K, committed 9728K, reserved 1048576K
}
Event: 383.960 GC heap after
{Heap after GC invocations=42 (full 0):
 garbage-first heap   total 217088K, used 88238K [0x0000000080000000, 0x0000000100000000)
  region size 1024K, 6 young (6144K), 6 survivors (6144K)
 Metaspace       used 69633K, committed 70336K, reserved 1114112K
  class space    used 9397K, committed 9728K, reserved 1048576K
}
Event: 384.138 GC heap before
{Heap before GC invocations=42 (full 0):
 garbage-first heap   total 217088K, used 92334K [0x0000000080000000, 0x0000000100000000)
  region size 1024K, 10 young (10240K), 6 survivors (6144K)
 Metaspace       used 69967K, committed 70656K, reserved 1114112K
  class space    used 9448K, committed 9792K, reserved 1048576K
}
Event: 384.155 GC heap after
{Heap after GC invocations=43 (full 0):
 garbage-first heap   total 217088K, used 87400K [0x0000000080000000, 0x0000000100000000)
  region size 1024K, 1 young (1024K), 1 survivors (1024K)
 Metaspace       used 69967K, committed 70656K, reserved 1114112K
  class space    used 9448K, committed 9792K, reserved 1048576K
}
Event: 392.698 GC heap before
{Heap before GC invocations=43 (full 0):
 garbage-first heap   total 217088K, used 179560K [0x0000000080000000, 0x0000000100000000)
  region size 1024K, 85 young (87040K), 1 survivors (1024K)
 Metaspace       used 76871K, committed 77568K, reserved 1179648K
  class space    used 10355K, committed 10688K, reserved 1048576K
}
Event: 392.717 GC heap after
{Heap after GC invocations=44 (full 0):
 garbage-first heap   total 217088K, used 93698K [0x0000000080000000, 0x0000000100000000)
  region size 1024K, 7 young (7168K), 7 survivors (7168K)
 Metaspace       used 76871K, committed 77568K, reserved 1179648K
  class space    used 10355K, committed 10688K, reserved 1048576K
}
Event: 392.980 GC heap before
{Heap before GC invocations=44 (full 0):
 garbage-first heap   total 217088K, used 95746K [0x0000000080000000, 0x0000000100000000)
  region size 1024K, 10 young (10240K), 7 survivors (7168K)
 Metaspace       used 77201K, committed 77952K, reserved 1179648K
  class space    used 10398K, committed 10752K, reserved 1048576K
}
Event: 392.994 GC heap after
{Heap after GC invocations=45 (full 0):
 garbage-first heap   total 217088K, used 94582K [0x0000000080000000, 0x0000000100000000)
  region size 1024K, 1 young (1024K), 1 survivors (1024K)
 Metaspace       used 77201K, committed 77952K, reserved 1179648K
  class space    used 10398K, committed 10752K, reserved 1048576K
}
Event: 400.195 GC heap before
{Heap before GC invocations=46 (full 0):
 garbage-first heap   total 217088K, used 181622K [0x0000000080000000, 0x0000000100000000)
  region size 1024K, 82 young (83968K), 1 survivors (1024K)
 Metaspace       used 84335K, committed 84992K, reserved 1179648K
  class space    used 11393K, committed 11712K, reserved 1048576K
}
Event: 400.209 GC heap after
{Heap after GC invocations=47 (full 0):
 garbage-first heap   total 217088K, used 102458K [0x0000000080000000, 0x0000000100000000)
  region size 1024K, 5 young (5120K), 5 survivors (5120K)
 Metaspace       used 84335K, committed 84992K, reserved 1179648K
  class space    used 11393K, committed 11712K, reserved 1048576K
}
Event: 401.424 GC heap before
{Heap before GC invocations=47 (full 0):
 garbage-first heap   total 217088K, used 107578K [0x0000000080000000, 0x0000000100000000)
  region size 1024K, 10 young (10240K), 5 survivors (5120K)
 Metaspace       used 84455K, committed 85248K, reserved 1179648K
  class space    used 11404K, committed 11776K, reserved 1048576K
}
Event: 401.440 GC heap after
{Heap after GC invocations=48 (full 0):
 garbage-first heap   total 217088K, used 102565K [0x0000000080000000, 0x0000000100000000)
  region size 1024K, 2 young (2048K), 2 survivors (2048K)
 Metaspace       used 84455K, committed 85248K, reserved 1179648K
  class space    used 11404K, committed 11776K, reserved 1048576K
}
Event: 406.950 GC heap before
{Heap before GC invocations=48 (full 0):
 garbage-first heap   total 217088K, used 180389K [0x0000000080000000, 0x0000000100000000)
  region size 1024K, 77 young (78848K), 2 survivors (2048K)
 Metaspace       used 87992K, committed 88704K, reserved 1179648K
  class space    used 11924K, committed 12288K, reserved 1048576K
}
Event: 406.970 GC heap after
{Heap after GC invocations=49 (full 0):
 garbage-first heap   total 217088K, used 106562K [0x0000000080000000, 0x0000000100000000)
  region size 1024K, 6 young (6144K), 6 survivors (6144K)
 Metaspace       used 87992K, committed 88704K, reserved 1179648K
  class space    used 11924K, committed 12288K, reserved 1048576K
}
Event: 417.715 GC heap before
{Heap before GC invocations=49 (full 0):
 garbage-first heap   total 217088K, used 179266K [0x0000000080000000, 0x0000000100000000)
  region size 1024K, 77 young (78848K), 6 survivors (6144K)
 Metaspace       used 92926K, committed 93760K, reserved 1179648K
  class space    used 12778K, committed 13184K, reserved 1048576K
}
Event: 417.764 GC heap after
{Heap after GC invocations=50 (full 0):
 garbage-first heap   total 217088K, used 107300K [0x0000000080000000, 0x0000000100000000)
  region size 1024K, 6 young (6144K), 6 survivors (6144K)
 Metaspace       used 92926K, committed 93760K, reserved 1179648K
  class space    used 12778K, committed 13184K, reserved 1048576K
}

