# JRE version: OpenJDK Runtime Environment (17.0.9) (build 17.0.9+0--11185874)
# Java VM: OpenJDK 64-Bit Server VM (17.0.9+0--11185874, mixed mode, tiered, compressed oops, compressed class ptrs, g1 gc, windows-amd64)
GC Precious Log:
 CPUs: 4 total, 4 available
 Memory: 3901M
 Large Page Support: Disabled
 NUMA Support: Disabled
 Compressed Oops: Enabled (32-bit)
 Heap Region Size: 1M
 Heap Min Capacity: 8M
 Heap Initial Capacity: 62M
 Heap Max Capacity: 2G
 Pre-touch: Disabled
 Parallel Workers: 4
 Concurrent Workers: 1
 Concurrent Refinement Workers: 4
 Periodic GC: Disabled
Heap:
 garbage-first heap   total 75776K, used 50319K [0x0000000080000000, 0x0000000100000000)
  region size 1024K, 4 young (4096K), 3 survivors (3072K)
 Metaspace       used 44728K, committed 45120K, reserved 1114112K
  class space    used 5881K, committed 6080K, reserved 1048576K
GC Heap History (20 events):
Event: 227.612 GC heap before
{Heap before GC invocations=9 (full 0):
 garbage-first heap   total 63488K, used 35349K [0x0000000080000000, 0x0000000100000000)
  region size 1024K, 10 young (10240K), 4 survivors (4096K)
 Metaspace       used 31427K, committed 31744K, reserved 1114112K
  class space    used 4216K, committed 4352K, reserved 1048576K
}
Event: 227.669 GC heap after
{Heap after GC invocations=10 (full 0):
 garbage-first heap   total 63488K, used 32992K [0x0000000080000000, 0x0000000100000000)
  region size 1024K, 4 young (4096K), 4 survivors (4096K)
 Metaspace       used 31427K, committed 31744K, reserved 1114112K
  class space    used 4216K, committed 4352K, reserved 1048576K
}
Event: 240.069 GC heap before
{Heap before GC invocations=11 (full 0):
 garbage-first heap   total 63488K, used 49376K [0x0000000080000000, 0x0000000100000000)
  region size 1024K, 18 young (18432K), 4 survivors (4096K)
 Metaspace       used 33059K, committed 33408K, reserved 1114112K
  class space    used 4460K, committed 4608K, reserved 1048576K
}
Event: 240.102 GC heap after
{Heap after GC invocations=12 (full 0):
 garbage-first heap   total 63488K, used 38044K [0x0000000080000000, 0x0000000100000000)
  region size 1024K, 2 young (2048K), 2 survivors (2048K)
 Metaspace       used 33059K, committed 33408K, reserved 1114112K
  class space    used 4460K, committed 4608K, reserved 1048576K
}
Event: 240.184 GC heap before
{Heap before GC invocations=12 (full 0):
 garbage-first heap   total 63488K, used 39068K [0x0000000080000000, 0x0000000100000000)
  region size 1024K, 3 young (3072K), 2 survivors (2048K)
 Metaspace       used 33152K, committed 33536K, reserved 1114112K
  class space    used 4478K, committed 4672K, reserved 1048576K
}
Event: 240.201 GC heap after
{Heap after GC invocations=13 (full 0):
 garbage-first heap   total 63488K, used 37823K [0x0000000080000000, 0x0000000100000000)
  region size 1024K, 1 young (1024K), 1 survivors (1024K)
 Metaspace       used 33152K, committed 33536K, reserved 1114112K
  class space    used 4478K, committed 4672K, reserved 1048576K
}
Event: 244.149 GC heap before
{Heap before GC invocations=13 (full 0):
 garbage-first heap   total 63488K, used 48063K [0x0000000080000000, 0x0000000100000000)
  region size 1024K, 12 young (12288K), 1 survivors (1024K)
 Metaspace       used 34584K, committed 34880K, reserved 1114112K
  class space    used 4716K, committed 4864K, reserved 1048576K
}
Event: 244.155 GC heap after
{Heap after GC invocations=14 (full 0):
 garbage-first heap   total 63488K, used 38304K [0x0000000080000000, 0x0000000100000000)
  region size 1024K, 1 young (1024K), 1 survivors (1024K)
 Metaspace       used 34584K, committed 34880K, reserved 1114112K
  class space    used 4716K, committed 4864K, reserved 1048576K
}
Event: 245.904 GC heap before
{Heap before GC invocations=15 (full 0):
 garbage-first heap   total 66560K, used 50592K [0x0000000080000000, 0x0000000100000000)
  region size 1024K, 13 young (13312K), 1 survivors (1024K)
 Metaspace       used 35985K, committed 36352K, reserved 1114112K
  class space    used 4957K, committed 5120K, reserved 1048576K
}
Event: 245.910 GC heap after
{Heap after GC invocations=16 (full 0):
 garbage-first heap   total 66560K, used 38767K [0x0000000080000000, 0x0000000100000000)
  region size 1024K, 2 young (2048K), 2 survivors (2048K)
 Metaspace       used 35985K, committed 36352K, reserved 1114112K
  class space    used 4957K, committed 5120K, reserved 1048576K
}
Event: 248.251 GC heap before
{Heap before GC invocations=16 (full 0):
 garbage-first heap   total 66560K, used 52079K [0x0000000080000000, 0x0000000100000000)
  region size 1024K, 16 young (16384K), 2 survivors (2048K)
 Metaspace       used 38409K, committed 38784K, reserved 1114112K
  class space    used 5317K, committed 5504K, reserved 1048576K
}
Event: 248.266 GC heap after
{Heap after GC invocations=17 (full 0):
 garbage-first heap   total 66560K, used 39811K [0x0000000080000000, 0x0000000100000000)
  region size 1024K, 2 young (2048K), 2 survivors (2048K)
 Metaspace       used 38409K, committed 38784K, reserved 1114112K
  class space    used 5317K, committed 5504K, reserved 1048576K
}
Event: 252.799 GC heap before
{Heap before GC invocations=18 (full 0):
 garbage-first heap   total 70656K, used 52099K [0x0000000080000000, 0x0000000100000000)
  region size 1024K, 15 young (15360K), 2 survivors (2048K)
 Metaspace       used 42071K, committed 42432K, reserved 1114112K
  class space    used 5667K, committed 5824K, reserved 1048576K
}
Event: 252.822 GC heap after
{Heap after GC invocations=19 (full 0):
 garbage-first heap   total 70656K, used 41418K [0x0000000080000000, 0x0000000100000000)
  region size 1024K, 2 young (2048K), 2 survivors (2048K)
 Metaspace       used 42071K, committed 42432K, reserved 1114112K
  class space    used 5667K, committed 5824K, reserved 1048576K
}
Event: 260.487 GC heap before
{Heap before GC invocations=19 (full 0):
 garbage-first heap   total 70656K, used 55754K [0x0000000080000000, 0x0000000100000000)
  region size 1024K, 17 young (17408K), 2 survivors (2048K)
 Metaspace       used 43634K, committed 44096K, reserved 1114112K
  class space    used 5833K, committed 6080K, reserved 1048576K
}
Event: 260.505 GC heap after
{Heap after GC invocations=20 (full 0):
 garbage-first heap   total 70656K, used 43565K [0x0000000080000000, 0x0000000100000000)
  region size 1024K, 3 young (3072K), 3 survivors (3072K)
 Metaspace       used 43634K, committed 44096K, reserved 1114112K
  class space    used 5833K, committed 6080K, reserved 1048576K
}
Event: 261.773 GC heap before
{Heap before GC invocations=21 (full 0):
 garbage-first heap   total 75776K, used 57901K [0x0000000080000000, 0x0000000100000000)
  region size 1024K, 17 young (17408K), 3 survivors (3072K)
 Metaspace       used 43958K, committed 44416K, reserved 1114112K
  class space    used 5872K, committed 6080K, reserved 1048576K
}
Event: 261.796 GC heap after
{Heap after GC invocations=22 (full 0):
 garbage-first heap   total 75776K, used 44440K [0x0000000080000000, 0x0000000100000000)
  region size 1024K, 3 young (3072K), 3 survivors (3072K)
 Metaspace       used 43958K, committed 44416K, reserved 1114112K
  class space    used 5872K, committed 6080K, reserved 1048576K
}
Event: 261.879 GC heap before
{Heap before GC invocations=22 (full 0):
 garbage-first heap   total 75776K, used 45464K [0x0000000080000000, 0x0000000100000000)
  region size 1024K, 6 young (6144K), 3 survivors (3072K)
 Metaspace       used 44092K, committed 44480K, reserved 1114112K
  class space    used 5881K, committed 6080K, reserved 1048576K
}
Event: 261.889 GC heap after
{Heap after GC invocations=23 (full 0):
 garbage-first heap   total 75776K, used 45199K [0x0000000080000000, 0x0000000100000000)
  region size 1024K, 3 young (3072K), 3 survivors (3072K)
 Metaspace       used 44092K, committed 44480K, reserved 1114112K
  class space    used 5881K, committed 6080K, reserved 1048576K
}

