# JRE version: OpenJDK Runtime Environment (17.0.9) (build 17.0.9+0--11185874)
# Java VM: OpenJDK 64-Bit Server VM (17.0.9+0--11185874, mixed mode, tiered, compressed oops, compressed class ptrs, g1 gc, windows-amd64)
GC Precious Log:
 CPUs: 4 total, 4 available
 Memory: 3901M
 Large Page Support: Disabled
 NUMA Support: Disabled
 Compressed Oops: Enabled (32-bit)
 Heap Region Size: 1M
 Heap Min Capacity: 8M
 Heap Initial Capacity: 62M
 Heap Max Capacity: 2G
 Pre-touch: Disabled
 Parallel Workers: 4
 Concurrent Workers: 1
 Concurrent Refinement Workers: 4
 Periodic GC: Disabled
Heap:
 garbage-first heap   total 158720K, used 93168K [0x0000000080000000, 0x0000000100000000)
  region size 1024K, 2 young (2048K), 2 survivors (2048K)
 Metaspace       used 77142K, committed 77824K, reserved 1179648K
  class space    used 10411K, committed 10752K, reserved 1048576K
GC Heap History (20 events):
Event: 497.944 GC heap after
{Heap after GC invocations=45 (full 0):
 garbage-first heap   total 116736K, used 83689K [0x0000000080000000, 0x0000000100000000)
  region size 1024K, 1 young (1024K), 1 survivors (1024K)
 Metaspace       used 62328K, committed 63040K, reserved 1114112K
  class space    used 8453K, committed 8768K, reserved 1048576K
}
Event: 498.279 GC heap before
{Heap before GC invocations=45 (full 0):
 garbage-first heap   total 116736K, used 88809K [0x0000000080000000, 0x0000000100000000)
  region size 1024K, 8 young (8192K), 1 survivors (1024K)
 Metaspace       used 62800K, committed 63488K, reserved 1114112K
  class space    used 8499K, committed 8832K, reserved 1048576K
}
Event: 498.283 GC heap after
{Heap after GC invocations=46 (full 0):
 garbage-first heap   total 116736K, used 83968K [0x0000000080000000, 0x0000000100000000)
  region size 1024K, 1 young (1024K), 1 survivors (1024K)
 Metaspace       used 62800K, committed 63488K, reserved 1114112K
  class space    used 8499K, committed 8832K, reserved 1048576K
}
Event: 500.023 GC heap before
{Heap before GC invocations=47 (full 0):
 garbage-first heap   total 148480K, used 96256K [0x0000000080000000, 0x0000000100000000)
  region size 1024K, 13 young (13312K), 1 survivors (1024K)
 Metaspace       used 63718K, committed 64384K, reserved 1114112K
  class space    used 8626K, committed 8960K, reserved 1048576K
}
Event: 500.030 GC heap after
{Heap after GC invocations=48 (full 0):
 garbage-first heap   total 148480K, used 85287K [0x0000000080000000, 0x0000000100000000)
  region size 1024K, 1 young (1024K), 1 survivors (1024K)
 Metaspace       used 63718K, committed 64384K, reserved 1114112K
  class space    used 8626K, committed 8960K, reserved 1048576K
}
Event: 500.681 GC heap before
{Heap before GC invocations=48 (full 0):
 garbage-first heap   total 148480K, used 91431K [0x0000000080000000, 0x0000000100000000)
  region size 1024K, 7 young (7168K), 1 survivors (1024K)
 Metaspace       used 64181K, committed 64832K, reserved 1114112K
  class space    used 8701K, committed 9024K, reserved 1048576K
}
Event: 500.691 GC heap after
{Heap after GC invocations=49 (full 0):
 garbage-first heap   total 148480K, used 85003K [0x0000000080000000, 0x0000000100000000)
  region size 1024K, 1 young (1024K), 1 survivors (1024K)
 Metaspace       used 64181K, committed 64832K, reserved 1114112K
  class space    used 8701K, committed 9024K, reserved 1048576K
}
Event: 504.983 GC heap before
{Heap before GC invocations=49 (full 0):
 garbage-first heap   total 148480K, used 119819K [0x0000000080000000, 0x0000000100000000)
  region size 1024K, 35 young (35840K), 1 survivors (1024K)
 Metaspace       used 67699K, committed 68288K, reserved 1114112K
  class space    used 9108K, committed 9408K, reserved 1048576K
}
Event: 504.990 GC heap after
{Heap after GC invocations=50 (full 0):
 garbage-first heap   total 148480K, used 85829K [0x0000000080000000, 0x0000000100000000)
  region size 1024K, 2 young (2048K), 2 survivors (2048K)
 Metaspace       used 67699K, committed 68288K, reserved 1114112K
  class space    used 9108K, committed 9408K, reserved 1048576K
}
Event: 510.516 GC heap before
{Heap before GC invocations=51 (full 0):
 garbage-first heap   total 150528K, used 126789K [0x0000000080000000, 0x0000000100000000)
  region size 1024K, 38 young (38912K), 2 survivors (2048K)
 Metaspace       used 71256K, committed 71936K, reserved 1114112K
  class space    used 9607K, committed 9920K, reserved 1048576K
}
Event: 510.544 GC heap after
{Heap after GC invocations=52 (full 0):
 garbage-first heap   total 150528K, used 94208K [0x0000000080000000, 0x0000000100000000)
  region size 1024K, 5 young (5120K), 5 survivors (5120K)
 Metaspace       used 71256K, committed 71936K, reserved 1114112K
  class space    used 9607K, committed 9920K, reserved 1048576K
}
Event: 510.602 GC heap before
{Heap before GC invocations=52 (full 0):
 garbage-first heap   total 150528K, used 98304K [0x0000000080000000, 0x0000000100000000)
  region size 1024K, 7 young (7168K), 5 survivors (5120K)
 Metaspace       used 71260K, committed 71936K, reserved 1114112K
  class space    used 9607K, committed 9920K, reserved 1048576K
}
Event: 510.630 GC heap after
{Heap after GC invocations=53 (full 0):
 garbage-first heap   total 150528K, used 95283K [0x0000000080000000, 0x0000000100000000)
  region size 1024K, 1 young (1024K), 1 survivors (1024K)
 Metaspace       used 71260K, committed 71936K, reserved 1114112K
  class space    used 9607K, committed 9920K, reserved 1048576K
}
Event: 512.932 GC heap before
{Heap before GC invocations=53 (full 0):
 garbage-first heap   total 150528K, used 122931K [0x0000000080000000, 0x0000000100000000)
  region size 1024K, 28 young (28672K), 1 survivors (1024K)
 Metaspace       used 73081K, committed 73792K, reserved 1114112K
  class space    used 9863K, committed 10176K, reserved 1048576K
}
Event: 512.947 GC heap after
{Heap after GC invocations=54 (full 0):
 garbage-first heap   total 150528K, used 97222K [0x0000000080000000, 0x0000000100000000)
  region size 1024K, 3 young (3072K), 3 survivors (3072K)
 Metaspace       used 73081K, committed 73792K, reserved 1114112K
  class space    used 9863K, committed 10176K, reserved 1048576K
}
Event: 515.813 GC heap before
{Heap before GC invocations=55 (full 0):
 garbage-first heap   total 158720K, used 120469K [0x0000000080000000, 0x0000000100000000)
  region size 1024K, 29 young (29696K), 3 survivors (3072K)
 Metaspace       used 74827K, committed 75520K, reserved 1179648K
  class space    used 10091K, committed 10432K, reserved 1048576K
}
Event: 515.821 GC heap after
{Heap after GC invocations=56 (full 0):
 garbage-first heap   total 158720K, used 93693K [0x0000000080000000, 0x0000000100000000)
  region size 1024K, 4 young (4096K), 4 survivors (4096K)
 Metaspace       used 74827K, committed 75520K, reserved 1179648K
  class space    used 10091K, committed 10432K, reserved 1048576K
}
Event: 516.553 GC heap before
{Heap before GC invocations=56 (full 0):
 garbage-first heap   total 158720K, used 96765K [0x0000000080000000, 0x0000000100000000)
  region size 1024K, 7 young (7168K), 4 survivors (4096K)
 Metaspace       used 75088K, committed 75712K, reserved 1179648K
  class space    used 10112K, committed 10432K, reserved 1048576K
}
Event: 516.597 GC heap after
{Heap after GC invocations=57 (full 0):
 garbage-first heap   total 158720K, used 92630K [0x0000000080000000, 0x0000000100000000)
  region size 1024K, 1 young (1024K), 1 survivors (1024K)
 Metaspace       used 75088K, committed 75712K, reserved 1179648K
  class space    used 10112K, committed 10432K, reserved 1048576K
}
Event: 522.428 GC heap before
{Heap before GC invocations=57 (full 0):
 garbage-first heap   total 158720K, used 107990K [0x0000000080000000, 0x0000000100000000)
  region size 1024K, 17 young (17408K), 1 survivors (1024K)
 Metaspace       used 77142K, committed 77824K, reserved 1179648K
  class space    used 10411K, committed 10752K, reserved 1048576K
}

